<?xml version="1.0" encoding="UTF-8"?>
<testsuite name="pkg7uzd.SkaiciuotuvasTest" tests="54" skipped="0" failures="0" errors="0" timestamp="2017-12-15T06:26:24" hostname="DESKTOP-K42NS5F" time="0.015">
  <properties/>
  <testcase name="jeiguDalinamasIsNulioGaunamaRuntimeIsimtis" classname="pkg7uzd.SkaiciuotuvasTest" time="0.0"/>
  <testcase name="sudedaDuSkaiciusKaiPerduodamasSudetiesUnicode" classname="pkg7uzd.SkaiciuotuvasTest" time="0.0"/>
  <testcase name="atimaDuSkaiciusKaiPerduodamasAtimtiesSimbolis" classname="pkg7uzd.SkaiciuotuvasTest" time="0.0"/>
  <testcase name="jeiguDalinamaIsNulioGaunamaRuntimeIsimtis" classname="pkg7uzd.SkaiciuotuvasTest" time="0.0"/>
  <testcase name="dalinaDuSkaiciusKaiPerduodamasDalybosUnicode" classname="pkg7uzd.SkaiciuotuvasTest" time="0.0"/>
  <testcase name="atimaDuSkaiciusKaiPerduodamasAtimtiesUnicode" classname="pkg7uzd.SkaiciuotuvasTest" time="0.0"/>
  <testcase name="sudedaDuSkaiciusKaiPerduodamasSudetiesSimbolis" classname="pkg7uzd.SkaiciuotuvasTest" time="0.0"/>
  <testcase name="dalinaDuSkaiciusKaiPerduodamasDalybosSimbolis" classname="pkg7uzd.SkaiciuotuvasTest" time="0.0"/>
  <testcase name="sudauginaDuSkaiciusKaiPerduodamasDaugybosUnicode" classname="pkg7uzd.SkaiciuotuvasTest" time="0.0"/>
  <testcase name="sudauginaDuSkaiciusKaiPerduodamasZodisDidziosiomisRaidemisDauginti" classname="pkg7uzd.SkaiciuotuvasTest" time="0.0"/>
  <testcase name="jeiguSimbolioParametruiPerduodamaNullReiksmeGaunamaRuntimeIsimtis" classname="pkg7uzd.SkaiciuotuvasTest" time="0.0"/>
  <testcase name="jeiguVeiksmoParametruiPerduodamaTusciasSimbolisGaunamaRuntimeIsimtis" classname="pkg7uzd.SkaiciuotuvasTest" time="0.0"/>
  <testcase name="jeiguVeiksmoParametruiPerduodamaTusciasStringGaunamaRuntimeIsimtis" classname="pkg7uzd.SkaiciuotuvasTest" time="0.0"/>
  <testcase name="atliekaNurodytaVeiksmaKaiPerduodamasSimbolisIrSkirtingoTipoSkaiciai" classname="pkg7uzd.SkaiciuotuvasTest" time="0.0"/>
  <testcase name="atliekaNurodytaVeiksmaKaiPerduodamasSimbolisIrPirmasSkaiciusYraNeigiamas" classname="pkg7uzd.SkaiciuotuvasTest" time="0.0"/>
  <testcase name="jeiguVeiksmoParametruiPerduodamaNetinkamasSimbolisGaunamaRuntimeIsimtis" classname="pkg7uzd.SkaiciuotuvasTest" time="0.0"/>
  <testcase name="jeiguSkaiciausParametruiPerduodamaNullReiksmeGaunamaRuntimeIsimtis" classname="pkg7uzd.SkaiciuotuvasTest" time="0.0"/>
  <testcase name="atliekaNurodytaVeiksmaKaiPerduodamasSimbolisIrAntrasSkaiciusYraNeigiamas" classname="pkg7uzd.SkaiciuotuvasTest" time="0.0"/>
  <testcase name="jeiguVeiksmoParametruiPerduodamaNetinkamasStringGaunamaRuntimeIsimtis" classname="pkg7uzd.SkaiciuotuvasTest" time="0.0"/>
  <testcase name="jeiguVienamisSkaiciuParametruiPerduodamaNullReiksmeGaunamaRuntimeIsimtis" classname="pkg7uzd.SkaiciuotuvasTest" time="0.0"/>
  <testcase name="padalinaDuSkaiciusKaiPerduodamasZodisDidziosiomisRaidemisDalinti" classname="pkg7uzd.SkaiciuotuvasTest" time="0.0"/>
  <testcase name="atliekaNurodytaVeiksmaKaiPerduodamasSimbolisIrLongTipoSkaiciai" classname="pkg7uzd.SkaiciuotuvasTest" time="0.0"/>
  <testcase name="atliekaNurodytaVeiksmaKaiPerduodamasSimbolisIrIntTipoSkaiciai" classname="pkg7uzd.SkaiciuotuvasTest" time="0.0"/>
  <testcase name="atliekaNurodytaVeiksmaKaiPirmasSkaiciusYraNeigiamas" classname="pkg7uzd.SkaiciuotuvasTest" time="0.0"/>
  <testcase name="atliekaNurodytaVeiksmaKaiPerduodamasSimbolisIrByteTipoSkaiciai" classname="pkg7uzd.SkaiciuotuvasTest" time="0.0"/>
  <testcase name="atliekaNurodytaVeiksmaKaiPerduodamiDoubleTipoSkaiciai" classname="pkg7uzd.SkaiciuotuvasTest" time="0.0"/>
  <testcase name="atliekaNurodytaVeiksmaKaiPerduodamasSimbolisIrDoubleTipoSkaiciai" classname="pkg7uzd.SkaiciuotuvasTest" time="0.0"/>
  <testcase name="atliekaNurodytaVeiksmaKaiAntrasSkaiciusYraNeigiamas" classname="pkg7uzd.SkaiciuotuvasTest" time="0.0"/>
  <testcase name="atliekaNurodytaVeiksmaKaiPerduodamasSimbolisIrDuNeigiamiSkaiciai" classname="pkg7uzd.SkaiciuotuvasTest" time="0.0"/>
  <testcase name="atimaDuSkaiciusKaiPerduodamasZodisDidziosiomisRaidemisAtimti" classname="pkg7uzd.SkaiciuotuvasTest" time="0.0"/>
  <testcase name="sudauginaDuSkaiciusKaiPerduodamasZodisIsDidziosiosRaidesDauginti" classname="pkg7uzd.SkaiciuotuvasTest" time="0.0"/>
  <testcase name="jeiguVeiksmoParametruiPerduodamaNullReiksmeGaunamaRuntimeIsimtis" classname="pkg7uzd.SkaiciuotuvasTest" time="0.0"/>
  <testcase name="sudauginaDuSkaiciusKaiPerduodamasZodisMazosiomisRaidemisDauginti" classname="pkg7uzd.SkaiciuotuvasTest" time="0.0"/>
  <testcase name="sudauginaDuSkaiciusKaiPerduodamasDaugybosSimbolis" classname="pkg7uzd.SkaiciuotuvasTest" time="0.0"/>
  <testcase name="atimaDuSkaiciusKaiPerduodamasZodisMazosiomisRaidemisAtimti" classname="pkg7uzd.SkaiciuotuvasTest" time="0.0"/>
  <testcase name="atliekaNurodytaVeiksmaKaiPerduodamiFloatTipoSkaiciai" classname="pkg7uzd.SkaiciuotuvasTest" time="0.0"/>
  <testcase name="atliekaNurodytaVeiksmaKaiPerduodamiIntTipoSkaiciai" classname="pkg7uzd.SkaiciuotuvasTest" time="0.0"/>
  <testcase name="padalinaDuSkaiciusKaiPerduodamasZodisIsDidziosiosRaidesDalinti" classname="pkg7uzd.SkaiciuotuvasTest" time="0.0"/>
  <testcase name="atliekaNurodytaVeiksmaKaiPerduodamasSimbolisIrFloatTipoSkaiciai" classname="pkg7uzd.SkaiciuotuvasTest" time="0.0"/>
  <testcase name="dalinaDuSkaiciusKaiPerduodamasDalybosSimbolioNumeris" classname="pkg7uzd.SkaiciuotuvasTest" time="0.0"/>
  <testcase name="sudedaDuSkaiciusKaiPerduodamasSudetiesSimbolioNumeris" classname="pkg7uzd.SkaiciuotuvasTest" time="0.0"/>
  <testcase name="padalinaDuSkaiciusKaiPerduodamasZodisMazosiomisRaidemisDalinti" classname="pkg7uzd.SkaiciuotuvasTest" time="0.0"/>
  <testcase name="atliekaNurodytaVeiksmaKaiPerduodamiDuNeigiamiSkaiciai" classname="pkg7uzd.SkaiciuotuvasTest" time="0.0"/>
  <testcase name="sudedaDuSkaiciusKaiPerduodamasZodisDidziosiomisRaidemisSudeti" classname="pkg7uzd.SkaiciuotuvasTest" time="0.0"/>
  <testcase name="atliekaNurodytaVeiksmaKaiPerduodamiLongTipoSkaiciai" classname="pkg7uzd.SkaiciuotuvasTest" time="0.0"/>
  <testcase name="atliekaNurodytaVeiksmaKaiPerduodamiByteTipoSkaiciai" classname="pkg7uzd.SkaiciuotuvasTest" time="0.0"/>
  <testcase name="sudauginaDuSkaiciusKaiPerduodamasDaugybosSimbolioNumeris" classname="pkg7uzd.SkaiciuotuvasTest" time="0.0"/>
  <testcase name="atimaDuSkaiciusKaiPerduodamasAtimtiesSimbolioNumberis" classname="pkg7uzd.SkaiciuotuvasTest" time="0.0"/>
  <testcase name="atliekaNurodytaVeiksmaKaiPerduodamiShortTipoSkaiciai" classname="pkg7uzd.SkaiciuotuvasTest" time="0.0"/>
  <testcase name="atliekaNurodytaVeiksmaKaiPerduodamasSimbolisIrShortTipoSkaiciai" classname="pkg7uzd.SkaiciuotuvasTest" time="0.0"/>
  <testcase name="atliekaNurodytaVeiksmaKaiPerduodamiSkirtingoTipoSkaiciai" classname="pkg7uzd.SkaiciuotuvasTest" time="0.0"/>
  <testcase name="sudedaDuSkaiciusKaiPerduodamasZodisMazosiomisRaidemisSudeti" classname="pkg7uzd.SkaiciuotuvasTest" time="0.0"/>
  <testcase name="atimaDuSkaiciusKaiPerduodamasZodisIsDidziosiosRaidesAtimti" classname="pkg7uzd.SkaiciuotuvasTest" time="0.0"/>
  <testcase name="sudedaDuSkaiciusKaiPerduodamasZodisIsDidziosiosRaidesSudeti" classname="pkg7uzd.SkaiciuotuvasTest" time="0.0"/>
  <system-out><![CDATA[]]></system-out>
  <system-err><![CDATA[]]></system-err>
</testsuite>
